Wed 13:23: ########################################## 
Wed 13:23: Compiling.
Wed 13:23: ########################################## 

Wed 13:23: MaxCompiler version: 2017.2.1.
Wed 13:23: Build Simulation run rule for madMax start time: Wed Dec 20 13:23:56 GMT 2017.
Wed 13:23: Project location: /home/demo/BreadthFirstSearchAcceleration/madMax.
Wed 13:23: Detailed build log: /home/demo/BreadthFirstSearchAcceleration/madMax/RunRules/Simulation/build.log.

Wed 13:23: Compiling Engine Code.
Wed 13:23: Building MemStream.max file. 
Wed 13:23: Setting environment variable:
Wed 13:23: MAXCOMPILER_BUILD_DIR : /home/demo/BreadthFirstSearchAcceleration/madMax/RunRules/Simulation/maxfiles
Wed 13:23: MAX_BUILDPARAMS : DFEModel='VECTIS' target='DFE_SIM' maxFileName='MemStream'  
Wed 13:23: Building output:
Wed 13:23: MaxCompiler version: 2017.2.1
Wed 13:23: Build "MemStream" start time: Wed Dec 20 13:23:58 GMT 2017
Wed 13:23: Main build process running as user demo on host localhost.localdomain
Wed 13:23: Build location: /home/demo/Desktop/MaxCompiler-Builds/MemStream_VECTIS_DFE_SIM
Wed 13:23: Detailed build log available in "_build.log"
Wed 13:23: WARNING: No valid license for the component 'MaxCompiler_core' was found
Wed 13:23: WARNING: but a valid 'MaxCompiler_core_sim' license was found.
Wed 13:23: WARNING: Falling back to sim-only support
Wed 13:23: 
Wed 13:23: ENGINE BUILD PARAMETERS
Wed 13:23: 	 Build name: MemStream_VECTIS_DFE_SIM
Wed 13:23: 	   DFEModel: VECTIS                  
Wed 13:23: 	maxFileName: MemStream               
Wed 13:23: 	     target: DFE_SIM                 
Wed 13:23: 	 enableMPCX: false                   
Wed 13:23: Instantiating kernel "MemStreamKernel"
Wed 13:23: Before output
Wed 13:23: Time for maxeler operation is: 56900microseconds
Wed 13:23: 
Wed 13:23: Compiling kernel "MemStreamKernel"
Wed 13:23: Running back-end simulation build (3 phases)
Wed 13:23: (1/3) - Prepare MaxFile Data (GenerateMaxFileDataFile)
Wed 13:23: (2/3) - Compile Simulation Modules (SimCompilePass)
Wed 13:24: (3/3) - Generate MaxFile (AddSimObjectToMaxFilePass)
Wed 13:24: MaxFile: /home/demo/Desktop/MaxCompiler-Builds/MemStream_VECTIS_DFE_SIM/results/MemStream.max (MD5Sum: 113db2f041485c0457bae4ca3bf6cb0f)
Wed 13:24: Build completed: Wed Dec 20 13:24:01 GMT 2017 (took 2 secs)
Wed 13:24: Executing command:
Wed 13:24: cp /home/demo/BreadthFirstSearchAcceleration/madMax/RunRules/Simulation/maxfiles/MemStream.h /home/demo/BreadthFirstSearchAcceleration/madMax/RunRules/Simulation/include/MemStream.h 
Wed 13:24: Command output:
Wed 13:24: Building: MemStream.max file finished.
Wed 13:24: Engine build finished.
Wed 13:24: Compiling CPU Code.
Wed 13:24: Run CPU project make files updating
Wed 13:24: Executing command:
Wed 13:24: java -jar /opt/maxeler/maxcompiler/lib/MaxIDE/projectAdmin.jar -u /home/demo/BreadthFirstSearchAcceleration/madMax Simulation 
Wed 13:24: Command output:

Wed 13:24: MaxCompiler Project Admin Tool Version 2016.1.00001
Wed 13:24:  Copyright Maxeler Technologies 2010 - 2016. All rights reserved.
Wed 13:24: Handler version 2
Wed 13:24: Updating RunRule dependent Makefiles for RunRule 'Simulation'
Wed 13:24: 	Updating: Simulation
Wed 13:24: Found makefiles: 1
Wed 13:24: 	Updated: Simulation
Wed 13:24: Run CPU make.
Wed 13:24: make RUNRULE=Simulation 
Wed 13:24: Command output:
Wed 13:24: make -f Makefile.rules build
Wed 13:24: make[1]: Entering directory `/home/demo/BreadthFirstSearchAcceleration/madMax/CPUCode'
Wed 13:24: set -e; rm -f ../RunRules/Simulation/objects/c/MemStreamCpuCode.d ;                                                             \
Wed 13:24: 	  cc -M -std=gnu99 -g -O3 -Wall -Wextra -I../RunRules/Simulation/include  -I '/opt/maxeler/maxcompilernet-2017.2.1/include/slicnet' -I '/opt/maxeler/maxcompiler/include/slic'  -Wno-error MemStreamCpuCode.c > ../RunRules/Simulation/objects/c/MemStreamCpuCode.d.$$ ;                                 \
Wed 13:24:       sed 's,\(MemStreamCpuCode\)\.o[ :]*,../RunRules/Simulation/objects/c/\1.o ../RunRules/Simulation/objects/c/MemStreamCpuCode.d : ,g' < ../RunRules/Simulation/objects/c/MemStreamCpuCode.d.$$ > ../RunRules/Simulation/objects/c/MemStreamCpuCode.d; \
Wed 13:24:       rm -f ../RunRules/Simulation/objects/c/MemStreamCpuCode.d.$$
Wed 13:24: make[1]: Leaving directory `/home/demo/BreadthFirstSearchAcceleration/madMax/CPUCode'
Wed 13:24: make[1]: Entering directory `/home/demo/BreadthFirstSearchAcceleration/madMax/CPUCode'
Wed 13:24: "/opt/maxeler/maxcompiler/bin/sliccompile" ../RunRules/Simulation/maxfiles/MemStream.max ../RunRules/Simulation/objects/maxfiles/slic_MemStream.o
Wed 13:24: Processing maxfile for VECTIS_SIM from '../RunRules/Simulation/maxfiles/MemStream.max'.
Wed 13:24: /opt/maxeler/maxcompiler/lib/clang/bin/start.sh clang -fgnu89-inline -pipe -O0 -std=gnu99 -Wall -Werror -frandom-seed=foo -Wno-unused-variable -Wno-unused-function -fPIC -I /opt/maxeler/maxcompiler/include/slic -I /opt/maxeler/maxcompilernet-2017.2.1/include/slicnet -DMAXFILE_INC="/dev/null" -DSLIC_NO_DESTRUCTORS -c /tmp/sliccompile_6360977112055588780/cobject/max_3463732202482299549.c -o /tmp/sliccompile_6360977112055588780/cobject/max_3463732202482299549.c.o 
Wed 13:24: /opt/maxeler/maxcompiler/lib/clang/bin/start.sh clang -fgnu89-inline -pipe -O0 -std=gnu99 -Wall -Werror -frandom-seed=foo -Wno-unused-variable -Wno-unused-function -fPIC -I /opt/maxeler/maxcompiler/include/slic -I /opt/maxeler/maxcompilernet-2017.2.1/include/slicnet -DMAXFILE_INC="/home/demo/BreadthFirstSearchAcceleration/madMax/CPUCode/../RunRules/Simulation/maxfiles/MemStream.max" -DSLIC_NO_DESTRUCTORS -c /opt/maxeler/maxcompiler/src/slicinterface/MaxFileInit.c -o max_1366773615513306652.o 
Wed 13:24: ld -r /tmp/sliccompile_6360977112055588780/cobject/max_3463732202482299549.c.o max_1366773615513306652.o -o slic_MemStream.o 
Wed 13:24: Copying .max file C object into '/home/demo/BreadthFirstSearchAcceleration/madMax/CPUCode/../RunRules/Simulation/objects/maxfiles'
Wed 13:24: cc -std=gnu99 -g -O3 -Wall -Wextra -I../RunRules/Simulation/include  -I '/opt/maxeler/maxcompilernet-2017.2.1/include/slicnet' -I '/opt/maxeler/maxcompiler/include/slic'  -c MemStreamCpuCode.c -o ../RunRules/Simulation/objects/c/MemStreamCpuCode.o
Wed 13:24: cc -std=gnu99 -g -O3 -Wall -Wextra -I../RunRules/Simulation/include  -I '/opt/maxeler/maxcompilernet-2017.2.1/include/slicnet' -I '/opt/maxeler/maxcompiler/include/slic'  -o ../RunRules/Simulation/binaries/MemStream ../RunRules/Simulation/objects/maxfiles/slic_MemStream.o ../RunRules/Simulation/objects/c/MemStreamCpuCode.o -g -O3  -L '/opt/maxeler/maxcompilernet-2017.2.1/lib' -lslicnet -L '/opt/maxeler/maxcompiler/lib' -lslic -L '/opt/maxeler/maxcompiler/lib/maxeleros-sim/lib' -lmaxeleros -lpthread -lm -lrt 
Wed 13:24: make[1]: Leaving directory `/home/demo/BreadthFirstSearchAcceleration/madMax/CPUCode'
Wed 13:24: Build completed: Wed Dec 20 13:24:02 GMT 2017


Wed 13:24: ########################################## 
Wed 13:24: Running
Wed 13:24: ########################################## 
Wed 13:24: Executing command:
Wed 13:24: '/home/demo/BreadthFirstSearchAcceleration/madMax/RunRules/Simulation/binaries/MemStream' 
Wed 13:24: Command output:
Wed 13:24: Running a do/while-loop on DFE...
Wed 13:24: Into stream
Wed 13:24: Done with stream

Wed 13:24: Done! Converged after 1 iterations.
Wed 13:24: Only CPU time: 0.010000 s
Wed 13:24: Average Memstream time: 0.920000
Wed 13:24: Total time: 0.930000 s
Wed 13:24: Not accurate, just used to compare different approaches.
Wed 13:24: Done.
Wed 13:24: Process terminated with exit code 0.
