Info: *******************************************************************
Info: Running Quartus II 32-bit Shell
    Info: Version 13.1.0 Build 162 10/23/2013 SJ Full Version
    Info: Copyright (C) 1991-2013 Altera Corporation. All rights reserved.
    Info: Your use of Altera Corporation's design tools, logic functions 
    Info: and other software and tools, and its AMPP partner logic 
    Info: functions, and any output files from any of the foregoing 
    Info: (including device programming or simulation files), and any 
    Info: associated documentation or information are expressly subject 
    Info: to the terms and conditions of the Altera Program License 
    Info: Subscription Agreement, Altera MegaCore Function License 
    Info: Agreement, or other applicable license agreement, including, 
    Info: without limitation, that your use is for the sole purpose of 
    Info: programming logic devices manufactured by Altera and sold by 
    Info: Altera or its authorized distributors.  Please refer to the 
    Info: applicable agreement for further details.
    Info: Processing started: Wed Dec 20 16:22:44 2017
Info: Command: quartus_sh --determine_smart_action MAX4GALAVAPeripheryTop
Info: Quartus(args): MAX4GALAVAPeripheryTop
Info: Using INI file /home/madmaxeler/Desktop/BreadthFirstSearchAcceleration/MadGalava/RunRules/DFE/maxfiles/CpuStream_GALAVA_DFE/scratch/altera_quartus/ct1/altera_quartus/quartus.ini
Info: SMART_ACTION = FIT
Info (23030): Evaluation of Tcl script /opt/altera/13.1/quartus/common/tcl/internal/qsh_smart.tcl was successful
Info: Quartus II 32-bit Shell was successful. 0 errors, 0 warnings
    Info: Peak virtual memory: 189 megabytes
    Info: Processing ended: Wed Dec 20 16:22:47 2017
    Info: Elapsed time: 00:00:03
    Info: Total CPU time (on all processors): 00:00:03
