Assembler report for MAX4GALAVAPeripheryTop
Wed Dec 20 16:31:57 2017
Quartus II 64-Bit Version 13.1.0 Build 162 10/23/2013 SJ Full Version


---------------------
; Table of Contents ;
---------------------
  1. Legal Notice
  2. Assembler Summary
  3. Assembler Settings
  4. Assembler Encrypted IP Cores Summary
  5. Assembler Generated Files
  6. Assembler Device Options: MAX4GALAVAPeripheryTop.sof
  7. Assembler Messages



----------------
; Legal Notice ;
----------------
Copyright (C) 1991-2013 Altera Corporation
Your use of Altera Corporation's design tools, logic functions 
and other software and tools, and its AMPP partner logic 
functions, and any output files from any of the foregoing 
(including device programming or simulation files), and any 
associated documentation or information are expressly subject 
to the terms and conditions of the Altera Program License 
Subscription Agreement, Altera MegaCore Function License 
Agreement, or other applicable license agreement, including, 
without limitation, that your use is for the sole purpose of 
programming logic devices manufactured by Altera and sold by 
Altera or its authorized distributors.  Please refer to the 
applicable agreement for further details.



+---------------------------------------------------------------+
; Assembler Summary                                             ;
+-----------------------+---------------------------------------+
; Assembler Status      ; Successful - Wed Dec 20 16:31:57 2017 ;
; Revision Name         ; MAX4GALAVAPeripheryTop                ;
; Top-level Entity Name ; MAX4GALAVAPeripheryTop                ;
; Family                ; Stratix V                             ;
; Device                ; 5SGXMA5N3F45C4                        ;
+-----------------------+---------------------------------------+


+--------------------------------------------------------------------------------------------------------+
; Assembler Settings                                                                                     ;
+-----------------------------------------------------------------------------+----------+---------------+
; Option                                                                      ; Setting  ; Default Value ;
+-----------------------------------------------------------------------------+----------+---------------+
; Use smart compilation                                                       ; Off      ; Off           ;
; Enable parallel Assembler and TimeQuest Timing Analyzer during compilation  ; On       ; On            ;
; Enable compact report table                                                 ; Off      ; Off           ;
; Generate compressed bitstreams                                              ; On       ; On            ;
; Compression mode                                                            ; Off      ; Off           ;
; Clock source for configuration device                                       ; Internal ; Internal      ;
; Clock frequency of the configuration device                                 ; 10 MHZ   ; 10 MHz        ;
; Divide clock frequency by                                                   ; 1        ; 1             ;
; Auto user code                                                              ; On       ; On            ;
; Configuration device                                                        ; Auto     ; Auto          ;
; Configuration device auto user code                                         ; Off      ; Off           ;
; Generate Tabular Text File (.ttf) For Target Device                         ; Off      ; Off           ;
; Generate Raw Binary File (.rbf) For Target Device                           ; Off      ; Off           ;
; Generate Hexadecimal (Intel-Format) Output File (.hexout) for Target Device ; Off      ; Off           ;
; Hexadecimal Output File start address                                       ; 0        ; 0             ;
; Hexadecimal Output File count direction                                     ; Up       ; Up            ;
; Release clears before tri-states                                            ; Off      ; Off           ;
; Auto-restart configuration after error                                      ; On       ; On            ;
; Enable OCT_DONE                                                             ; Off      ; Off           ;
; Use Checkered Pattern as Uninitialized RAM Content                          ; Off      ; Off           ;
; Enable autonomous PCIe HIP mode                                             ; Off      ; Off           ;
; Generate Serial Vector Format File (.svf) for Target Device                 ; Off      ; Off           ;
; Generate a JEDEC STAPL Format File (.jam) for Target Device                 ; Off      ; Off           ;
; Generate a compressed Jam STAPL Byte Code 2.0 File (.jbc) for Target Device ; Off      ; Off           ;
; Generate a compressed Jam STAPL Byte Code 2.0 File (.jbc) for Target Device ; On       ; On            ;
+-----------------------------------------------------------------------------+----------+---------------+


+---------------------------------------------------+
; Assembler Encrypted IP Cores Summary              ;
+--------------+---------------------+--------------+
; Vendor       ; IP Core Name        ; License Type ;
+--------------+---------------------+--------------+
; Maxeler Tech ; Unknown (7E09 0001) ; Licensed     ;
+--------------+---------------------+--------------+


+----------------------------+
; Assembler Generated Files  ;
+----------------------------+
; File Name                  ;
+----------------------------+
; MAX4GALAVAPeripheryTop.sof ;
+----------------------------+


+------------------------------------------------------+
; Assembler Device Options: MAX4GALAVAPeripheryTop.sof ;
+----------------+-------------------------------------+
; Option         ; Setting                             ;
+----------------+-------------------------------------+
; Device         ; 5SGXMA5N3F45C4                      ;
; JTAG usercode  ; 0x04985BCC                          ;
; Checksum       ; 0x04985BCC                          ;
+----------------+-------------------------------------+


+--------------------+
; Assembler Messages ;
+--------------------+
Info: *******************************************************************
Info: Running Quartus II 64-Bit Assembler
    Info: Version 13.1.0 Build 162 10/23/2013 SJ Full Version
    Info: Copyright (C) 1991-2013 Altera Corporation. All rights reserved.
    Info: Your use of Altera Corporation's design tools, logic functions 
    Info: and other software and tools, and its AMPP partner logic 
    Info: functions, and any output files from any of the foregoing 
    Info: (including device programming or simulation files), and any 
    Info: associated documentation or information are expressly subject 
    Info: to the terms and conditions of the Altera Program License 
    Info: Subscription Agreement, Altera MegaCore Function License 
    Info: Agreement, or other applicable license agreement, including, 
    Info: without limitation, that your use is for the sole purpose of 
    Info: programming logic devices manufactured by Altera and sold by 
    Info: Altera or its authorized distributors.  Please refer to the 
    Info: applicable agreement for further details.
    Info: Processing started: Wed Dec 20 16:31:22 2017
Info: Command: quartus_asm MAX4GALAVAPeripheryTop --write_settings_files=off
Info: Using INI file /home/madmaxeler/Desktop/BreadthFirstSearchAcceleration/MadGalava/RunRules/DFE/maxfiles/CpuStream_GALAVA_DFE/scratch/altera_quartus/asm/altera_quartus/quartus.ini
Warning (15104): Quartus II software detected a bonding design. Reconfiguration is not supported for Bonded designs and MIF is not created for this design.
Warning (15104): Quartus II software detected a bonding design. Reconfiguration is not supported for Bonded designs and MIF is not created for this design.
Warning (15104): Quartus II software detected a bonding design. Reconfiguration is not supported for Bonded designs and MIF is not created for this design.
Warning (15104): Quartus II software detected a bonding design. Reconfiguration is not supported for Bonded designs and MIF is not created for this design.
Warning (15104): Quartus II software detected a bonding design. Reconfiguration is not supported for Bonded designs and MIF is not created for this design.
Warning (15104): Quartus II software detected a bonding design. Reconfiguration is not supported for Bonded designs and MIF is not created for this design.
Warning (15104): Quartus II software detected a bonding design. Reconfiguration is not supported for Bonded designs and MIF is not created for this design.
Warning (15104): Quartus II software detected a bonding design. Reconfiguration is not supported for Bonded designs and MIF is not created for this design.
Warning (15104): Quartus II software detected a bonding design. Reconfiguration is not supported for Bonded designs and MIF is not created for this design.
Info (115030): Assembler is generating device programming files
Info: Quartus II 64-Bit Assembler was successful. 0 errors, 9 warnings
    Info: Peak virtual memory: 1682 megabytes
    Info: Processing ended: Wed Dec 20 16:31:57 2017
    Info: Elapsed time: 00:00:35
    Info: Total CPU time (on all processors): 00:00:35


